uikit/build/outputs/logs/manifest-merger-debug-report.txt
-- Merging decision tree log ---
manifest
ADDED from uikit\AndroidManifest.xml:1:1-83:12
INJECTED from uikit\AndroidManifest.xml:1:1-83:12
INJECTED from uikit\AndroidManifest.xml:1:1-83:12
	package
		ADDED from uikit\AndroidManifest.xml:2:5-36
		INJECTED from uikit\AndroidManifest.xml
		INJECTED from uikit\AndroidManifest.xml
	xmlns:android
		ADDED from uikit\AndroidManifest.xml:1:11-69
application
ADDED from uikit\AndroidManifest.xml:5:5-82:19
meta-data#com.netease.nim.uikit.glide.NIMGlideModule
ADDED from uikit\AndroidManifest.xml:7:9-9:43
	android:value
		ADDED from uikit\AndroidManifest.xml:9:13-40
	android:name
		ADDED from uikit\AndroidManifest.xml:8:13-70
activity#com.netease.nim.uikit.session.activity.P2PMessageActivity
ADDED from uikit\AndroidManifest.xml:14:9-19:70
	android:screenOrientation
		ADDED from uikit\AndroidManifest.xml:17:13-49
	android:windowSoftInputMode
		ADDED from uikit\AndroidManifest.xml:19:13-67
	android:configChanges
		ADDED from uikit\AndroidManifest.xml:16:13-63
	android:theme
		ADDED from uikit\AndroidManifest.xml:18:13-56
	android:name
		ADDED from uikit\AndroidManifest.xml:15:13-85
activity#com.netease.nim.uikit.common.media.picker.activity.PickImageActivity
ADDED from uikit\AndroidManifest.xml:23:9-26:59
	android:screenOrientation
		ADDED from uikit\AndroidManifest.xml:25:13-49
	android:theme
		ADDED from uikit\AndroidManifest.xml:26:13-56
	android:name
		ADDED from uikit\AndroidManifest.xml:24:13-96
activity#com.netease.nim.uikit.common.media.picker.activity.CropImageActivity
ADDED from uikit\AndroidManifest.xml:27:9-30:59
	android:screenOrientation
		ADDED from uikit\AndroidManifest.xml:29:13-49
	android:theme
		ADDED from uikit\AndroidManifest.xml:30:13-56
	android:name
		ADDED from uikit\AndroidManifest.xml:28:13-96
activity#com.netease.nim.uikit.common.media.picker.activity.PickerAlbumActivity
ADDED from uikit\AndroidManifest.xml:31:9-34:59
	android:screenOrientation
		ADDED from uikit\AndroidManifest.xml:33:13-49
	android:theme
		ADDED from uikit\AndroidManifest.xml:34:13-56
	android:name
		ADDED from uikit\AndroidManifest.xml:32:13-98
activity#com.netease.nim.uikit.common.media.picker.activity.PickerAlbumPreviewActivity
ADDED from uikit\AndroidManifest.xml:35:9-38:59
	android:screenOrientation
		ADDED from uikit\AndroidManifest.xml:37:13-49
	android:theme
		ADDED from uikit\AndroidManifest.xml:38:13-56
	android:name
		ADDED from uikit\AndroidManifest.xml:36:13-105
activity#com.netease.nim.uikit.common.media.picker.activity.PreviewImageFromLocalActivity
ADDED from uikit\AndroidManifest.xml:39:9-44:70
	android:screenOrientation
		ADDED from uikit\AndroidManifest.xml:42:13-49
	android:windowSoftInputMode
		ADDED from uikit\AndroidManifest.xml:44:13-67
	android:configChanges
		ADDED from uikit\AndroidManifest.xml:41:13-63
	android:theme
		ADDED from uikit\AndroidManifest.xml:43:13-56
	android:name
		ADDED from uikit\AndroidManifest.xml:40:13-108
activity#com.netease.nim.uikit.common.media.picker.activity.PreviewImageFromCameraActivity
ADDED from uikit\AndroidManifest.xml:45:9-51:70
	android:screenOrientation
		ADDED from uikit\AndroidManifest.xml:49:13-49
	android:label
		ADDED from uikit\AndroidManifest.xml:48:13-53
	android:windowSoftInputMode
		ADDED from uikit\AndroidManifest.xml:51:13-67
	android:configChanges
		ADDED from uikit\AndroidManifest.xml:47:13-63
	android:theme
		ADDED from uikit\AndroidManifest.xml:50:13-56
	android:name
		ADDED from uikit\AndroidManifest.xml:46:13-109
activity#com.netease.nim.uikit.session.activity.CaptureVideoActivity
ADDED from uikit\AndroidManifest.xml:54:9-59:70
	android:screenOrientation
		ADDED from uikit\AndroidManifest.xml:57:13-49
	android:windowSoftInputMode
		ADDED from uikit\AndroidManifest.xml:59:13-67
	android:configChanges
		ADDED from uikit\AndroidManifest.xml:56:13-63
	android:theme
		ADDED from uikit\AndroidManifest.xml:58:13-56
	android:name
		ADDED from uikit\AndroidManifest.xml:55:13-87
activity#com.netease.nim.uikit.session.activity.WatchVideoActivity
ADDED from uikit\AndroidManifest.xml:61:9-65:48
	android:label
		ADDED from uikit\AndroidManifest.xml:64:13-47
	android:configChanges
		ADDED from uikit\AndroidManifest.xml:63:13-74
	android:theme
		ADDED from uikit\AndroidManifest.xml:65:13-45
	android:name
		ADDED from uikit\AndroidManifest.xml:62:13-85
activity#com.netease.nim.uikit.session.activity.WatchMessagePictureActivity
ADDED from uikit\AndroidManifest.xml:68:9-71:59
	android:configChanges
		ADDED from uikit\AndroidManifest.xml:70:13-51
	android:theme
		ADDED from uikit\AndroidManifest.xml:71:13-56
	android:name
		ADDED from uikit\AndroidManifest.xml:69:13-94
provider#com.netease.nim.uikit.common.media.picker.model.GenericFileProvider
ADDED from uikit\AndroidManifest.xml:73:9-81:20
	android:grantUriPermissions
		ADDED from uikit\AndroidManifest.xml:77:13-47
	android:authorities
		ADDED from uikit\AndroidManifest.xml:75:13-73
	android:exported
		ADDED from uikit\AndroidManifest.xml:76:13-37
	android:name
		ADDED from uikit\AndroidManifest.xml:74:13-95
meta-data#android.support.FILE_PROVIDER_PATHS
ADDED from uikit\AndroidManifest.xml:78:13-80:58
	android:resource
		ADDED from uikit\AndroidManifest.xml:80:17-55
	android:name
		ADDED from uikit\AndroidManifest.xml:79:17-67
uses-sdk
INJECTED from uikit\AndroidManifest.xml reason: use-sdk injection requested
INJECTED from uikit\AndroidManifest.xml
INJECTED from uikit\AndroidManifest.xml
INJECTED from uikit\AndroidManifest.xml
INJECTED from uikit\AndroidManifest.xml
	android:targetSdkVersion
		INJECTED from uikit\AndroidManifest.xml
		ADDED from uikit\AndroidManifest.xml
		INJECTED from uikit\AndroidManifest.xml
	android:minSdkVersion
		INJECTED from uikit\AndroidManifest.xml
		ADDED from uikit\AndroidManifest.xml
		INJECTED from uikit\AndroidManifest.xml